This is pdfTeX, Version 3.141592653-2.6-1.40.22 (TeX Live 2021) (preloaded format=pdflatex 2022.3.2)  5 JUN 2026 15:53
entering extended mode
 restricted \write18 enabled.
 file:line:error style messages enabled.
 %&-line parsing enabled.
**/Users/tylerjacobson/Documents/GitHub/entitlement_pipeline/paper/env_congestion/env_congestion.tex
(/Users/tylerjacobson/Documents/GitHub/entitlement_pipeline/paper/env_congestion/env_congestion.tex
LaTeX2e <2020-10-01> patch level 4
L3 programming layer <2021-02-18> (/usr/local/texlive/2021/texmf-dist/tex/latex/base/article.cls
Document Class: article 2020/04/10 v1.4m Standard LaTeX document class
(/usr/local/texlive/2021/texmf-dist/tex/latex/base/size12.clo
File: size12.clo 2020/04/10 v1.4m Standard LaTeX file (size option)
)
\c@part=\count179
\c@section=\count180
\c@subsection=\count181
\c@subsubsection=\count182
\c@paragraph=\count183
\c@subparagraph=\count184
\c@figure=\count185
\c@table=\count186
\abovecaptionskip=\skip47
\belowcaptionskip=\skip48
\bibindent=\dimen138
) (/usr/local/texlive/2021/texmf-dist/tex/latex/booktabs/booktabs.sty
Package: booktabs 2020/01/12 v1.61803398 Publication quality tables
\heavyrulewidth=\dimen139
\lightrulewidth=\dimen140
\cmidrulewidth=\dimen141
\belowrulesep=\dimen142
\belowbottomsep=\dimen143
\aboverulesep=\dimen144
\abovetopsep=\dimen145
\cmidrulesep=\dimen146
\cmidrulekern=\dimen147
\defaultaddspace=\dimen148
\@cmidla=\count187
\@cmidlb=\count188
\@aboverulesep=\dimen149
\@belowrulesep=\dimen150
\@thisruleclass=\count189
\@lastruleclass=\count190
\@thisrulewidth=\dimen151
) (/usr/local/texlive/2021/texmf-dist/tex/latex/base/inputenc.sty
Package: inputenc 2020/08/01 v1.3d Input encoding file
\inpenc@prehook=\toks15
\inpenc@posthook=\toks16
) (/usr/local/texlive/2021/texmf-dist/tex/latex/amsmath/amsmath.sty
Package: amsmath 2020/09/23 v2.17i AMS math features
\@mathmargin=\skip49

For additional information on amsmath, use the `?' option.
(/usr/local/texlive/2021/texmf-dist/tex/latex/amsmath/amstext.sty
Package: amstext 2000/06/29 v2.01 AMS text
 (/usr/local/texlive/2021/texmf-dist/tex/latex/amsmath/amsgen.sty
File: amsgen.sty 1999/11/30 v2.0 generic functions
\@emptytoks=\toks17
\ex@=\dimen152
)) (/usr/local/texlive/2021/texmf-dist/tex/latex/amsmath/amsbsy.sty
Package: amsbsy 1999/11/29 v1.2d Bold Symbols
\pmbraise@=\dimen153
) (/usr/local/texlive/2021/texmf-dist/tex/latex/amsmath/amsopn.sty
Package: amsopn 2016/03/08 v2.02 operator names
)
\inf@bad=\count191
LaTeX Info: Redefining \frac on input line 234.
\uproot@=\count192
\leftroot@=\count193
LaTeX Info: Redefining \overline on input line 399.
\classnum@=\count194
\DOTSCASE@=\count195
LaTeX Info: Redefining \ldots on input line 496.
LaTeX Info: Redefining \dots on input line 499.
LaTeX Info: Redefining \cdots on input line 620.
\Mathstrutbox@=\box47
\strutbox@=\box48
\big@size=\dimen154
LaTeX Font Info:    Redeclaring font encoding OML on input line 743.
LaTeX Font Info:    Redeclaring font encoding OMS on input line 744.
\macc@depth=\count196
\c@MaxMatrixCols=\count197
\dotsspace@=\muskip16
\c@parentequation=\count198
\dspbrk@lvl=\count199
\tag@help=\toks18
\row@=\count266
\column@=\count267
\maxfields@=\count268
\andhelp@=\toks19
\eqnshift@=\dimen155
\alignsep@=\dimen156
\tagshift@=\dimen157
\tagwidth@=\dimen158
\totwidth@=\dimen159
\lineht@=\dimen160
\@envbody=\toks20
\multlinegap=\skip50
\multlinetaggap=\skip51
\mathdisplay@stack=\toks21
LaTeX Info: Redefining \[ on input line 2923.
LaTeX Info: Redefining \] on input line 2924.
) (/usr/local/texlive/2021/texmf-dist/tex/latex/amsfonts/amssymb.sty
Package: amssymb 2013/01/14 v3.01 AMS font symbols
 (/usr/local/texlive/2021/texmf-dist/tex/latex/amsfonts/amsfonts.sty
Package: amsfonts 2013/01/14 v3.01 Basic AMSFonts support
\symAMSa=\mathgroup4
\symAMSb=\mathgroup5
LaTeX Font Info:    Redeclaring math symbol \hbar on input line 98.
LaTeX Font Info:    Overwriting math alphabet `\mathfrak' in version `bold'
(Font)                  U/euf/m/n --> U/euf/b/n on input line 106.
)) (/usr/local/texlive/2021/texmf-dist/tex/latex/caption/caption.sty
Package: caption 2020/10/26 v3.5g Customizing captions (AR)
 (/usr/local/texlive/2021/texmf-dist/tex/latex/caption/caption3.sty
Package: caption3 2020/10/21 v2.2e caption3 kernel (AR)
 (/usr/local/texlive/2021/texmf-dist/tex/latex/graphics/keyval.sty
Package: keyval 2014/10/28 v1.15 key=value parser (DPC)
\KV@toks@=\toks22
)
\captionmargin=\dimen161
\captionmargin@=\dimen162
\captionwidth=\dimen163
\caption@tempdima=\dimen164
\caption@indent=\dimen165
\caption@parindent=\dimen166
\caption@hangindent=\dimen167
Package caption Info: Standard document class detected.
)
\c@caption@flags=\count269
\c@continuedfloat=\count270
) (/usr/local/texlive/2021/texmf-dist/tex/latex/caption/subcaption.sty
Package: subcaption 2020/10/07 v1.3j Sub-captions (AR)
\c@subfigure=\count271
\c@subtable=\count272
) (/usr/local/texlive/2021/texmf-dist/tex/latex/graphics/graphicx.sty
Package: graphicx 2020/09/09 v1.2b Enhanced LaTeX Graphics (DPC,SPQR)
 (/usr/local/texlive/2021/texmf-dist/tex/latex/graphics/graphics.sty
Package: graphics 2020/08/30 v1.4c Standard LaTeX Graphics (DPC,SPQR)
 (/usr/local/texlive/2021/texmf-dist/tex/latex/graphics/trig.sty
Package: trig 2016/01/03 v1.10 sin cos tan (DPC)
) (/usr/local/texlive/2021/texmf-dist/tex/latex/graphics-cfg/graphics.cfg
File: graphics.cfg 2016/06/04 v1.11 sample graphics configuration
)
Package graphics Info: Driver file: pdftex.def on input line 105.
 (/usr/local/texlive/2021/texmf-dist/tex/latex/graphics-def/pdftex.def
File: pdftex.def 2020/10/05 v1.2a Graphics/color driver for pdftex
))
\Gin@req@height=\dimen168
\Gin@req@width=\dimen169
) (/usr/local/texlive/2021/texmf-dist/tex/latex/xcolor/xcolor.sty
Package: xcolor 2016/05/11 v2.12 LaTeX color extensions (UK)
 (/usr/local/texlive/2021/texmf-dist/tex/latex/graphics-cfg/color.cfg
File: color.cfg 2016/01/02 v1.6 sample color configuration
)
Package xcolor Info: Driver file: pdftex.def on input line 225.
Package xcolor Info: Model `cmy' substituted by `cmy0' on input line 1348.
Package xcolor Info: Model `hsb' substituted by `rgb' on input line 1352.
Package xcolor Info: Model `RGB' extended on input line 1364.
Package xcolor Info: Model `HTML' substituted by `rgb' on input line 1366.
Package xcolor Info: Model `Hsb' substituted by `hsb' on input line 1367.
Package xcolor Info: Model `tHsb' substituted by `hsb' on input line 1368.
Package xcolor Info: Model `HSB' substituted by `hsb' on input line 1369.
Package xcolor Info: Model `Gray' substituted by `gray' on input line 1370.
Package xcolor Info: Model `wave' substituted by `hsb' on input line 1371.
) (/usr/local/texlive/2021/texmf-dist/tex/latex/float/float.sty
Package: float 2001/11/08 v1.3d Float enhancements (AL)
\c@float@type=\count273
\float@exts=\toks23
\float@box=\box49
\@float@everytoks=\toks24
\@floatcapt=\box50
) (/usr/local/texlive/2021/texmf-dist/tex/latex/hyperref/hyperref.sty
Package: hyperref 2021-02-27 v7.00k Hypertext links for LaTeX
 (/usr/local/texlive/2021/texmf-dist/tex/generic/ltxcmds/ltxcmds.sty
Package: ltxcmds 2020-05-10 v1.25 LaTeX kernel commands for general use (HO)
) (/usr/local/texlive/2021/texmf-dist/tex/generic/iftex/iftex.sty
Package: iftex 2020/03/06 v1.0d TeX engine tests
) (/usr/local/texlive/2021/texmf-dist/tex/generic/pdftexcmds/pdftexcmds.sty
Package: pdftexcmds 2020-06-27 v0.33 Utility functions of pdfTeX for LuaTeX (HO)
 (/usr/local/texlive/2021/texmf-dist/tex/generic/infwarerr/infwarerr.sty
Package: infwarerr 2019/12/03 v1.5 Providing info/warning/error messages (HO)
)
Package pdftexcmds Info: \pdf@primitive is available.
Package pdftexcmds Info: \pdf@ifprimitive is available.
Package pdftexcmds Info: \pdfdraftmode found.
) (/usr/local/texlive/2021/texmf-dist/tex/generic/kvsetkeys/kvsetkeys.sty
Package: kvsetkeys 2019/12/15 v1.18 Key value parser (HO)
) (/usr/local/texlive/2021/texmf-dist/tex/generic/kvdefinekeys/kvdefinekeys.sty
Package: kvdefinekeys 2019-12-19 v1.6 Define keys (HO)
) (/usr/local/texlive/2021/texmf-dist/tex/generic/pdfescape/pdfescape.sty
Package: pdfescape 2019/12/09 v1.15 Implements pdfTeX's escape features (HO)
) (/usr/local/texlive/2021/texmf-dist/tex/latex/hycolor/hycolor.sty
Package: hycolor 2020-01-27 v1.10 Color options for hyperref/bookmark (HO)
) (/usr/local/texlive/2021/texmf-dist/tex/latex/letltxmacro/letltxmacro.sty
Package: letltxmacro 2019/12/03 v1.6 Let assignment for LaTeX macros (HO)
) (/usr/local/texlive/2021/texmf-dist/tex/latex/auxhook/auxhook.sty
Package: auxhook 2019-12-17 v1.6 Hooks for auxiliary files (HO)
) (/usr/local/texlive/2021/texmf-dist/tex/latex/kvoptions/kvoptions.sty
Package: kvoptions 2020-10-07 v3.14 Key value format for package options (HO)
)
\@linkdim=\dimen170
\Hy@linkcounter=\count274
\Hy@pagecounter=\count275
 (/usr/local/texlive/2021/texmf-dist/tex/latex/hyperref/pd1enc.def
File: pd1enc.def 2021-02-27 v7.00k Hyperref: PDFDocEncoding definition (HO)
Now handling font encoding PD1 ...
... no UTF-8 mapping file for font encoding PD1
) (/usr/local/texlive/2021/texmf-dist/tex/latex/hyperref/hyperref-langpatches.def
File: hyperref-langpatches.def 2021-02-27 v7.00k Hyperref: patches for babel languages
) (/usr/local/texlive/2021/texmf-dist/tex/generic/intcalc/intcalc.sty
Package: intcalc 2019/12/15 v1.3 Expandable calculations with integers (HO)
) (/usr/local/texlive/2021/texmf-dist/tex/generic/etexcmds/etexcmds.sty
Package: etexcmds 2019/12/15 v1.7 Avoid name clashes with e-TeX commands (HO)
)
\Hy@SavedSpaceFactor=\count276
 (/usr/local/texlive/2021/texmf-dist/tex/latex/hyperref/puenc.def
File: puenc.def 2021-02-27 v7.00k Hyperref: PDF Unicode definition (HO)
Now handling font encoding PU ...
... no UTF-8 mapping file for font encoding PU
)
Package hyperref Info: Option `colorlinks' set `true' on input line 4073.
Package hyperref Info: Hyper figures OFF on input line 4192.
Package hyperref Info: Link nesting OFF on input line 4197.
Package hyperref Info: Hyper index ON on input line 4200.
Package hyperref Info: Plain pages OFF on input line 4207.
Package hyperref Info: Backreferencing OFF on input line 4212.
Package hyperref Info: Implicit mode ON; LaTeX internals redefined.
Package hyperref Info: Bookmarks ON on input line 4445.
\c@Hy@tempcnt=\count277
 (/usr/local/texlive/2021/texmf-dist/tex/latex/url/url.sty
\Urlmuskip=\muskip17
Package: url 2013/09/16  ver 3.4  Verb mode for urls, etc.
)
LaTeX Info: Redefining \url on input line 4804.
\XeTeXLinkMargin=\dimen171
 (/usr/local/texlive/2021/texmf-dist/tex/generic/bitset/bitset.sty
Package: bitset 2019/12/09 v1.3 Handle bit-vector datatype (HO)
 (/usr/local/texlive/2021/texmf-dist/tex/generic/bigintcalc/bigintcalc.sty
Package: bigintcalc 2019/12/15 v1.5 Expandable calculations on big integers (HO)
))
\Fld@menulength=\count278
\Field@Width=\dimen172
\Fld@charsize=\dimen173
Package hyperref Info: Hyper figures OFF on input line 6075.
Package hyperref Info: Link nesting OFF on input line 6080.
Package hyperref Info: Hyper index ON on input line 6083.
Package hyperref Info: backreferencing OFF on input line 6090.
Package hyperref Info: Link coloring ON on input line 6093.
Package hyperref Info: Link coloring with OCG OFF on input line 6100.
Package hyperref Info: PDF/A mode OFF on input line 6105.
LaTeX Info: Redefining \ref on input line 6145.
LaTeX Info: Redefining \pageref on input line 6149.
 (/usr/local/texlive/2021/texmf-dist/tex/latex/base/atbegshi-ltx.sty
Package: atbegshi-ltx 2020/08/17 v1.0a Emulation of the original atbegshi package
with kernel methods
)
\Hy@abspage=\count279
\c@Item=\count280
\c@Hfootnote=\count281
)
Package hyperref Info: Driver (autodetected): hpdftex.
 (/usr/local/texlive/2021/texmf-dist/tex/latex/hyperref/hpdftex.def
File: hpdftex.def 2021-02-27 v7.00k Hyperref driver for pdfTeX
 (/usr/local/texlive/2021/texmf-dist/tex/latex/base/atveryend-ltx.sty
Package: atveryend-ltx 2020/08/19 v1.0a Emulation of the original atvery package
with kernel methods
)
\Fld@listcount=\count282
\c@bookmark@seq@number=\count283
 (/usr/local/texlive/2021/texmf-dist/tex/latex/rerunfilecheck/rerunfilecheck.sty
Package: rerunfilecheck 2019/12/05 v1.9 Rerun checks for auxiliary files (HO)
 (/usr/local/texlive/2021/texmf-dist/tex/generic/uniquecounter/uniquecounter.sty
Package: uniquecounter 2019/12/15 v1.4 Provide unlimited unique counter (HO)
)
Package uniquecounter Info: New unique counter `rerunfilecheck' on input line 286.
)
\Hy@SectionHShift=\skip52
) (/usr/local/texlive/2021/texmf-dist/tex/latex/tools/array.sty
Package: array 2020/10/01 v2.5c Tabular extension package (FMi)
\col@sep=\dimen174
\ar@mcellbox=\box51
\extrarowheight=\dimen175
\NC@list=\toks25
\extratabsurround=\skip53
\backup@length=\skip54
\ar@cellbox=\box52
) (/usr/local/texlive/2021/texmf-dist/tex/latex/natbib/natbib.sty
Package: natbib 2010/09/13 8.31b (PWD, AO)
\bibhang=\skip55
\bibsep=\skip56
LaTeX Info: Redefining \cite on input line 694.
\c@NAT@ctr=\count284
) (/usr/local/texlive/2021/texmf-dist/tex/latex/setspace/setspace.sty
Package: setspace 2011/12/19 v6.7a set line spacing
) (/usr/local/texlive/2021/texmf-dist/tex/latex/geometry/geometry.sty
Package: geometry 2020/01/02 v5.9 Page Geometry
 (/usr/local/texlive/2021/texmf-dist/tex/generic/iftex/ifvtex.sty
Package: ifvtex 2019/10/25 v1.7 ifvtex legacy package. Use iftex instead.
)
\Gm@cnth=\count285
\Gm@cntv=\count286
\c@Gm@tempcnt=\count287
\Gm@bindingoffset=\dimen176
\Gm@wd@mp=\dimen177
\Gm@odd@mp=\dimen178
\Gm@even@mp=\dimen179
\Gm@layoutwidth=\dimen180
\Gm@layoutheight=\dimen181
\Gm@layouthoffset=\dimen182
\Gm@layoutvoffset=\dimen183
\Gm@dimlist=\toks26
) (/usr/local/texlive/2021/texmf-dist/tex/latex/threeparttable/threeparttable.sty
Package: threeparttable 2003/06/13  v 3.0
\@tempboxb=\box53
) (/usr/local/texlive/2021/texmf-dist/tex/latex/l3backend/l3backend-pdftex.def
File: l3backend-pdftex.def 2021-03-18 L3 backend support: PDF output (pdfTeX)
\l__color_backend_stack_int=\count288
\l__pdf_internal_box=\box54
) (/Users/tylerjacobson/Documents/GitHub/entitlement_pipeline/paper/env_congestion/env_congestion.aux)
\openout1 = `env_congestion.aux'.

LaTeX Font Info:    Checking defaults for OML/cmm/m/it on input line 24.
LaTeX Font Info:    ... okay on input line 24.
LaTeX Font Info:    Checking defaults for OMS/cmsy/m/n on input line 24.
LaTeX Font Info:    ... okay on input line 24.
LaTeX Font Info:    Checking defaults for OT1/cmr/m/n on input line 24.
LaTeX Font Info:    ... okay on input line 24.
LaTeX Font Info:    Checking defaults for T1/cmr/m/n on input line 24.
LaTeX Font Info:    ... okay on input line 24.
LaTeX Font Info:    Checking defaults for TS1/cmr/m/n on input line 24.
LaTeX Font Info:    ... okay on input line 24.
LaTeX Font Info:    Checking defaults for OMX/cmex/m/n on input line 24.
LaTeX Font Info:    ... okay on input line 24.
LaTeX Font Info:    Checking defaults for U/cmr/m/n on input line 24.
LaTeX Font Info:    ... okay on input line 24.
LaTeX Font Info:    Checking defaults for PD1/pdf/m/n on input line 24.
LaTeX Font Info:    ... okay on input line 24.
LaTeX Font Info:    Checking defaults for PU/pdf/m/n on input line 24.
LaTeX Font Info:    ... okay on input line 24.
Package caption Info: Begin \AtBeginDocument code.
Package caption Info: float package is loaded.
Package caption Info: hyperref package is loaded.
Package caption Info: threeparttable package is loaded.
Package caption Info: End \AtBeginDocument code.
 (/usr/local/texlive/2021/texmf-dist/tex/context/base/mkii/supp-pdf.mkii
[Loading MPS to PDF converter (version 2006.09.02).]
\scratchcounter=\count289
\scratchdimen=\dimen184
\scratchbox=\box55
\nofMPsegments=\count290
\nofMParguments=\count291
\everyMPshowfont=\toks27
\MPscratchCnt=\count292
\MPscratchDim=\dimen185
\MPnumerator=\count293
\makeMPintoPDFobject=\count294
\everyMPtoPDFconversion=\toks28
) (/usr/local/texlive/2021/texmf-dist/tex/latex/epstopdf-pkg/epstopdf-base.sty
Package: epstopdf-base 2020-01-24 v2.11 Base part for package epstopdf
Package epstopdf-base Info: Redefining graphics rule for `.eps' on input line 485.
 (/usr/local/texlive/2021/texmf-dist/tex/latex/latexconfig/epstopdf-sys.cfg
File: epstopdf-sys.cfg 2010/07/13 v1.3 Configuration of (r)epstopdf for TeX Live
))
Package hyperref Info: Link coloring ON on input line 24.
 (/usr/local/texlive/2021/texmf-dist/tex/latex/hyperref/nameref.sty
Package: nameref 2021-04-02 v2.47 Cross-referencing by name of section
 (/usr/local/texlive/2021/texmf-dist/tex/latex/refcount/refcount.sty
Package: refcount 2019/12/15 v3.6 Data extraction from label references (HO)
) (/usr/local/texlive/2021/texmf-dist/tex/generic/gettitlestring/gettitlestring.sty
Package: gettitlestring 2019/12/15 v1.6 Cleanup title references (HO)
)
\c@section@level=\count295
)
LaTeX Info: Redefining \ref on input line 24.
LaTeX Info: Redefining \pageref on input line 24.
LaTeX Info: Redefining \nameref on input line 24.
 (/Users/tylerjacobson/Documents/GitHub/entitlement_pipeline/paper/env_congestion/env_congestion.out) (/Users/tylerjacobson/Documents/GitHub/entitlement_pipeline/paper/env_congestion/env_congestion.out)
\@outlinefile=\write3
\openout3 = `env_congestion.out'.


*geometry* driver: auto-detecting
*geometry* detected driver: pdftex
*geometry* verbose mode - [ preamble ] result:
* driver: pdftex
* paper: <default>
* layout: <same size as paper>
* layoutoffset:(h,v)=(0.0pt,0.0pt)
* modes: 
* h-part:(L,W,R)=(54.2025pt, 505.89pt, 54.2025pt)
* v-part:(T,H,B)=(54.2025pt, 686.56499pt, 54.2025pt)
* \paperwidth=614.295pt
* \paperheight=794.96999pt
* \textwidth=505.89pt
* \textheight=686.56499pt
* \oddsidemargin=-18.06749pt
* \evensidemargin=-18.06749pt
* \topmargin=-55.06749pt
* \headheight=12.0pt
* \headsep=25.0pt
* \topskip=12.0pt
* \footskip=30.0pt
* \marginparwidth=44.0pt
* \marginparsep=10.0pt
* \columnsep=10.0pt
* \skip\footins=10.8pt plus 4.0pt minus 2.0pt
* \hoffset=0.0pt
* \voffset=0.0pt
* \mag=1000
* \@twocolumnfalse
* \@twosidefalse
* \@mparswitchfalse
* \@reversemarginfalse
* (1in=72.27pt=25.4mm, 1cm=28.453pt)

LaTeX Font Info:    Trying to load font information for U+msa on input line 26.
(/usr/local/texlive/2021/texmf-dist/tex/latex/amsfonts/umsa.fd
File: umsa.fd 2013/01/14 v3.01 AMS symbols A
)
LaTeX Font Info:    Trying to load font information for U+msb on input line 26.
 (/usr/local/texlive/2021/texmf-dist/tex/latex/amsfonts/umsb.fd
File: umsb.fd 2013/01/14 v3.01 AMS symbols B
)
<../../../../../Dropbox/Lawsuits Asymmetry/output/congestion/env/bar_ceqa_type_share.pdf, id=76, 433.62pt x 289.08pt>
File: ../../../../../Dropbox/Lawsuits Asymmetry/output/congestion/env/bar_ceqa_type_share.pdf Graphic file (type pdf)
<use ../../../../../Dropbox/Lawsuits Asymmetry/output/congestion/env/bar_ceqa_type_share.pdf>
Package pdftex.def Info: ../../../../../Dropbox/Lawsuits Asymmetry/output/congestion/env/bar_ceqa_type_share.pdf  used on input line 37.
(pdftex.def)             Requested size: 303.53708pt x 202.36784pt.
 [1

{/usr/local/texlive/2021/texmf-var/fonts/map/pdftex/updmap/pdftex.map}] [2 </Users/tylerjacobson/Documents/GitHub/entitlement_pipeline/paper/env_congestion/../../../../../Dropbox/Lawsuits Asymmetry/output/congestion/env/bar_ceqa_type_share.pdf>]
<../../../../../Dropbox/Lawsuits Asymmetry/output/congestion/env/hist_env_length.pdf, id=104, 433.62pt x 289.08pt>
File: ../../../../../Dropbox/Lawsuits Asymmetry/output/congestion/env/hist_env_length.pdf Graphic file (type pdf)
<use ../../../../../Dropbox/Lawsuits Asymmetry/output/congestion/env/hist_env_length.pdf>
Package pdftex.def Info: ../../../../../Dropbox/Lawsuits Asymmetry/output/congestion/env/hist_env_length.pdf  used on input line 85.
(pdftex.def)             Requested size: 242.82503pt x 161.88368pt.
<../../../../../Dropbox/Lawsuits Asymmetry/output/congestion/env/kdensity_env_length_by_type.pdf, id=105, 433.62pt x 289.08pt>
File: ../../../../../Dropbox/Lawsuits Asymmetry/output/congestion/env/kdensity_env_length_by_type.pdf Graphic file (type pdf)
<use ../../../../../Dropbox/Lawsuits Asymmetry/output/congestion/env/kdensity_env_length_by_type.pdf>
Package pdftex.def Info: ../../../../../Dropbox/Lawsuits Asymmetry/output/congestion/env/kdensity_env_length_by_type.pdf  used on input line 91.
(pdftex.def)             Requested size: 242.82503pt x 161.88368pt.
<../../../../../Dropbox/Lawsuits Asymmetry/output/congestion/env/ts_env_filings.pdf, id=106, 433.62pt x 289.08pt>
File: ../../../../../Dropbox/Lawsuits Asymmetry/output/congestion/env/ts_env_filings.pdf Graphic file (type pdf)
<use ../../../../../Dropbox/Lawsuits Asymmetry/output/congestion/env/ts_env_filings.pdf>
Package pdftex.def Info: ../../../../../Dropbox/Lawsuits Asymmetry/output/congestion/env/ts_env_filings.pdf  used on input line 105.
(pdftex.def)             Requested size: 242.82503pt x 161.88368pt.
<../../../../../Dropbox/Lawsuits Asymmetry/output/congestion/env/ts_env_filings_by_type.pdf, id=107, 433.62pt x 289.08pt>
File: ../../../../../Dropbox/Lawsuits Asymmetry/output/congestion/env/ts_env_filings_by_type.pdf Graphic file (type pdf)
<use ../../../../../Dropbox/Lawsuits Asymmetry/output/congestion/env/ts_env_filings_by_type.pdf>
Package pdftex.def Info: ../../../../../Dropbox/Lawsuits Asymmetry/output/congestion/env/ts_env_filings_by_type.pdf  used on input line 111.
(pdftex.def)             Requested size: 242.82503pt x 161.88368pt.
 [3 </Users/tylerjacobson/Documents/GitHub/entitlement_pipeline/paper/env_congestion/../../../../../Dropbox/Lawsuits Asymmetry/output/congestion/env/hist_env_length.pdf> </Users/tylerjacobson/Documents/GitHub/entitlement_pipeline/paper/env_congestion/../../../../../Dropbox/Lawsuits Asymmetry/output/congestion/env/kdensity_env_length_by_type.pdf>]
<../../../../../Dropbox/Lawsuits Asymmetry/output/congestion/env/bar_censored_by_year.pdf, id=129, 433.62pt x 289.08pt>
File: ../../../../../Dropbox/Lawsuits Asymmetry/output/congestion/env/bar_censored_by_year.pdf Graphic file (type pdf)
<use ../../../../../Dropbox/Lawsuits Asymmetry/output/congestion/env/bar_censored_by_year.pdf>
Package pdftex.def Info: ../../../../../Dropbox/Lawsuits Asymmetry/output/congestion/env/bar_censored_by_year.pdf  used on input line 123.
(pdftex.def)             Requested size: 303.53708pt x 202.36784pt.
 [4 </Users/tylerjacobson/Documents/GitHub/entitlement_pipeline/paper/env_congestion/../../../../../Dropbox/Lawsuits Asymmetry/output/congestion/env/ts_env_filings.pdf> </Users/tylerjacobson/Documents/GitHub/entitlement_pipeline/paper/env_congestion/../../../../../Dropbox/Lawsuits Asymmetry/output/congestion/env/ts_env_filings_by_type.pdf> </Users/tylerjacobson/Documents/GitHub/entitlement_pipeline/paper/env_congestion/../../../../../Dropbox/Lawsuits Asymmetry/output/congestion/env/bar_censored_by_year.pdf>]
<../../../../../Dropbox/Lawsuits Asymmetry/output/congestion/env/hist_gap_assigned_env.pdf, id=162, 433.62pt x 289.08pt>
File: ../../../../../Dropbox/Lawsuits Asymmetry/output/congestion/env/hist_gap_assigned_env.pdf Graphic file (type pdf)
<use ../../../../../Dropbox/Lawsuits Asymmetry/output/congestion/env/hist_gap_assigned_env.pdf>
Package pdftex.def Info: ../../../../../Dropbox/Lawsuits Asymmetry/output/congestion/env/hist_gap_assigned_env.pdf  used on input line 135.
(pdftex.def)             Requested size: 242.82503pt x 161.88368pt.
<../../../../../Dropbox/Lawsuits Asymmetry/output/congestion/env/hist_cases_per_reviewer_env.pdf, id=163, 433.62pt x 289.08pt>
File: ../../../../../Dropbox/Lawsuits Asymmetry/output/congestion/env/hist_cases_per_reviewer_env.pdf Graphic file (type pdf)
<use ../../../../../Dropbox/Lawsuits Asymmetry/output/congestion/env/hist_cases_per_reviewer_env.pdf>
Package pdftex.def Info: ../../../../../Dropbox/Lawsuits Asymmetry/output/congestion/env/hist_cases_per_reviewer_env.pdf  used on input line 141.
(pdftex.def)             Requested size: 242.82503pt x 161.88368pt.
<../../../../../Dropbox/Lawsuits Asymmetry/output/congestion/env/scatter_reviewer_eir_share.pdf, id=164, 433.62pt x 289.08pt>
File: ../../../../../Dropbox/Lawsuits Asymmetry/output/congestion/env/scatter_reviewer_eir_share.pdf Graphic file (type pdf)
<use ../../../../../Dropbox/Lawsuits Asymmetry/output/congestion/env/scatter_reviewer_eir_share.pdf>
Package pdftex.def Info: ../../../../../Dropbox/Lawsuits Asymmetry/output/congestion/env/scatter_reviewer_eir_share.pdf  used on input line 153.
(pdftex.def)             Requested size: 303.53708pt x 202.36784pt.
 [5 </Users/tylerjacobson/Documents/GitHub/entitlement_pipeline/paper/env_congestion/../../../../../Dropbox/Lawsuits Asymmetry/output/congestion/env/hist_gap_assigned_env.pdf> </Users/tylerjacobson/Documents/GitHub/entitlement_pipeline/paper/env_congestion/../../../../../Dropbox/Lawsuits Asymmetry/output/congestion/env/hist_cases_per_reviewer_env.pdf>] [6 </Users/tylerjacobson/Documents/GitHub/entitlement_pipeline/paper/env_congestion/../../../../../Dropbox/Lawsuits Asymmetry/output/congestion/env/scatter_reviewer_eir_share.pdf>]
<../../../../../Dropbox/Lawsuits Asymmetry/output/congestion/env/hist_reviewer_queue_mnd_nd.pdf, id=205, 433.62pt x 289.08pt>
File: ../../../../../Dropbox/Lawsuits Asymmetry/output/congestion/env/hist_reviewer_queue_mnd_nd.pdf Graphic file (type pdf)
<use ../../../../../Dropbox/Lawsuits Asymmetry/output/congestion/env/hist_reviewer_queue_mnd_nd.pdf>
Package pdftex.def Info: ../../../../../Dropbox/Lawsuits Asymmetry/output/congestion/env/hist_reviewer_queue_mnd_nd.pdf  used on input line 196.
(pdftex.def)             Requested size: 242.82503pt x 161.88368pt.
<../../../../../Dropbox/Lawsuits Asymmetry/output/congestion/env/ts_reviewer_queue_mnd_nd.pdf, id=206, 433.62pt x 289.08pt>
File: ../../../../../Dropbox/Lawsuits Asymmetry/output/congestion/env/ts_reviewer_queue_mnd_nd.pdf Graphic file (type pdf)
<use ../../../../../Dropbox/Lawsuits Asymmetry/output/congestion/env/ts_reviewer_queue_mnd_nd.pdf>
Package pdftex.def Info: ../../../../../Dropbox/Lawsuits Asymmetry/output/congestion/env/ts_reviewer_queue_mnd_nd.pdf  used on input line 202.
(pdftex.def)             Requested size: 242.82503pt x 161.88368pt.
 [7 </Users/tylerjacobson/Documents/GitHub/entitlement_pipeline/paper/env_congestion/../../../../../Dropbox/Lawsuits Asymmetry/output/congestion/env/hist_reviewer_queue_mnd_nd.pdf> </Users/tylerjacobson/Documents/GitHub/entitlement_pipeline/paper/env_congestion/../../../../../Dropbox/Lawsuits Asymmetry/output/congestion/env/ts_reviewer_queue_mnd_nd.pdf>] (/Users/tylerjacobson/Documents/GitHub/entitlement_pipeline/paper/env_congestion/../../../../../Dropbox/Lawsuits Asymmetry/output/congestion/env/hazard_queue_mnd_nd.tex
Overfull \hbox (1008.22353pt too wide) in paragraph at lines 4--50
 [][] 
 []

)
<../../../../../Dropbox/Lawsuits Asymmetry/output/congestion/env/binscatter_env_length_queue.pdf, id=236, 433.62pt x 289.08pt>
File: ../../../../../Dropbox/Lawsuits Asymmetry/output/congestion/env/binscatter_env_length_queue.pdf Graphic file (type pdf)
<use ../../../../../Dropbox/Lawsuits Asymmetry/output/congestion/env/binscatter_env_length_queue.pdf>
Package pdftex.def Info: ../../../../../Dropbox/Lawsuits Asymmetry/output/congestion/env/binscatter_env_length_queue.pdf  used on input line 234.
(pdftex.def)             Requested size: 242.82503pt x 161.88368pt.
<../../../../../Dropbox/Lawsuits Asymmetry/output/congestion/env/binscatter_env_length_queue_fes.pdf, id=237, 433.62pt x 289.08pt>
File: ../../../../../Dropbox/Lawsuits Asymmetry/output/congestion/env/binscatter_env_length_queue_fes.pdf Graphic file (type pdf)
<use ../../../../../Dropbox/Lawsuits Asymmetry/output/congestion/env/binscatter_env_length_queue_fes.pdf>
Package pdftex.def Info: ../../../../../Dropbox/Lawsuits Asymmetry/output/congestion/env/binscatter_env_length_queue_fes.pdf  used on input line 240.
(pdftex.def)             Requested size: 242.82503pt x 161.88368pt.
 [8] [9] [10 </Users/tylerjacobson/Documents/GitHub/entitlement_pipeline/paper/env_congestion/../../../../../Dropbox/Lawsuits Asymmetry/output/congestion/env/binscatter_env_length_queue.pdf> </Users/tylerjacobson/Documents/GitHub/entitlement_pipeline/paper/env_congestion/../../../../../Dropbox/Lawsuits Asymmetry/output/congestion/env/binscatter_env_length_queue_fes.pdf>] (/Users/tylerjacobson/Documents/GitHub/entitlement_pipeline/paper/env_congestion/env_congestion.aux)
Package rerunfilecheck Info: File `env_congestion.out' has not changed.
(rerunfilecheck)             Checksum: BA35CE853C72AA3EBF595F14A5DEE374;2814.
 ) 
Here is how much of TeX's memory you used:
 11798 strings out of 478994
 182133 string characters out of 5858185
 483079 words of memory out of 5000000
 29070 multiletter control sequences out of 15000+600000
 415518 words of font info for 74 fonts, out of 8000000 for 9000
 1141 hyphenation exceptions out of 8191
 71i,11n,74p,628b,528s stack positions out of 5000i,500n,10000p,200000b,80000s
</usr/local/texlive/2021/texmf-dist/fonts/type1/public/amsfonts/cm/cmbx10.pfb></usr/local/texlive/2021/texmf-dist/fonts/type1/public/amsfonts/cm/cmbx12.pfb></usr/local/texlive/2021/texmf-dist/fonts/type1/public/amsfonts/cm/cmex10.pfb></usr/local/texlive/2021/texmf-dist/fonts/type1/public/amsfonts/cm/cmmi10.pfb></usr/local/texlive/2021/texmf-dist/fonts/type1/public/amsfonts/cm/cmmi12.pfb></usr/local/texlive/2021/texmf-dist/fonts/type1/public/amsfonts/cm/cmmi8.pfb></usr/local/texlive/2021/texmf-dist/fonts/type1/public/amsfonts/cm/cmr10.pfb></usr/local/texlive/2021/texmf-dist/fonts/type1/public/amsfonts/cm/cmr12.pfb></usr/local/texlive/2021/texmf-dist/fonts/type1/public/amsfonts/cm/cmr17.pfb></usr/local/texlive/2021/texmf-dist/fonts/type1/public/amsfonts/cm/cmr6.pfb></usr/local/texlive/2021/texmf-dist/fonts/type1/public/amsfonts/cm/cmr8.pfb></usr/local/texlive/2021/texmf-dist/fonts/type1/public/amsfonts/cm/cmsy10.pfb></usr/local/texlive/2021/texmf-dist/fonts/type1/public/amsfonts/cm/cmsy7.pfb></usr/local/texlive/2021/texmf-dist/fonts/type1/public/amsfonts/cm/cmsy8.pfb></usr/local/texlive/2021/texmf-dist/fonts/type1/public/amsfonts/cm/cmti12.pfb></usr/local/texlive/2021/texmf-dist/fonts/type1/public/amsfonts/cm/cmtt12.pfb>
Output written on /Users/tylerjacobson/Documents/GitHub/entitlement_pipeline/paper/env_congestion/env_congestion.pdf (10 pages, 832790 bytes).
PDF statistics:
 335 PDF objects out of 1000 (max. 8388607)
 265 compressed objects within 3 object streams
 40 named destinations out of 1000 (max. 500000)
 210 words of extra memory for PDF output out of 10000 (max. 10000000)

